Worked: Sat Nov 16 20:00:01 CST 2013
Worked: Sat Nov 16 22:00:01 CST 2013
Worked: Sun Nov 17 00:00:01 CST 2013
Worked: Sun Nov 17 02:00:01 CST 2013
Worked: Sun Nov 17 04:00:01 CST 2013
Worked: Sun Nov 17 06:00:01 CST 2013
Worked: Sun Nov 17 08:00:01 CST 2013
Worked: Sun Nov 17 14:00:01 CST 2013
Worked: Mon Nov 18 12:00:01 CST 2013
Worked: Mon Nov 18 14:00:01 CST 2013
Worked: Mon Nov 18 16:00:01 CST 2013
Worked: Mon Nov 18 18:00:01 CST 2013
Worked: Mon Nov 18 22:00:01 CST 2013
Worked: Tue Nov 19 00:00:01 CST 2013
Worked: Tue Nov 19 02:00:01 CST 2013
Worked: Tue Nov 19 04:00:01 CST 2013
Worked: Tue Nov 19 06:00:01 CST 2013
Worked: Tue Nov 19 08:00:01 CST 2013
Worked: Tue Nov 19 10:00:01 CST 2013
Worked: Tue Nov 19 12:00:01 CST 2013
Worked: Tue Nov 19 16:00:01 CST 2013
Worked: Tue Nov 19 18:00:01 CST 2013
Worked: Tue Nov 19 20:00:01 CST 2013
Worked: Tue Nov 19 22:00:01 CST 2013
Worked: Wed Nov 20 00:00:01 CST 2013
Worked: Wed Nov 20 04:00:01 CST 2013
Worked: Wed Nov 20 06:00:01 CST 2013
Worked: Wed Nov 20 08:00:01 CST 2013
Worked: Wed Nov 20 18:00:01 CST 2013
Worked: Wed Nov 20 20:00:01 CST 2013
Worked: Thu Nov 21 00:00:01 CST 2013
Worked: Thu Nov 21 10:00:01 CST 2013
Worked: Thu Nov 21 14:00:01 CST 2013
Worked: Thu Nov 21 16:00:01 CST 2013
Worked: Thu Nov 21 20:00:01 CST 2013
Worked: Fri Nov 22 14:00:01 CST 2013
Worked: Fri Nov 22 18:00:01 CST 2013
Worked: Fri Nov 22 20:00:01 CST 2013
Worked: Fri Nov 22 22:00:01 CST 2013
Worked: Sun Nov 24 16:00:01 CST 2013
Worked: Sun Nov 24 18:00:01 CST 2013
Worked: Sun Nov 24 20:00:01 CST 2013
Worked: Sun Nov 24 22:00:01 CST 2013
Worked: Mon Nov 25 02:00:01 CST 2013
Worked: Mon Nov 25 16:00:01 CST 2013
Worked: Mon Nov 25 18:00:01 CST 2013
Worked: Mon Nov 25 22:00:01 CST 2013
Worked: Tue Nov 26 00:00:01 CST 2013
Worked: Tue Nov 26 02:00:01 CST 2013
Worked: Tue Nov 26 14:00:01 CST 2013
Worked: Tue Nov 26 18:00:01 CST 2013
Worked: Tue Nov 26 22:00:01 CST 2013
Worked: Wed Nov 27 00:00:01 CST 2013
Worked: Wed Nov 27 14:00:01 CST 2013
Worked: Wed Nov 27 16:00:01 CST 2013
Worked: Wed Nov 27 18:00:01 CST 2013
Worked: Wed Nov 27 20:00:01 CST 2013
Worked: Wed Nov 27 22:00:02 CST 2013
Worked: Thu Nov 28 00:00:01 CST 2013
Worked: Thu Nov 28 02:00:01 CST 2013
Worked: Thu Nov 28 14:00:01 CST 2013
Worked: Thu Nov 28 16:00:01 CST 2013
Worked: Thu Nov 28 20:00:01 CST 2013
Worked: Thu Nov 28 22:00:01 CST 2013
Worked: Fri Nov 29 00:00:01 CST 2013
Worked: Fri Nov 29 14:00:01 CST 2013
Worked: Fri Nov 29 16:00:01 CST 2013
Worked: Fri Nov 29 18:00:01 CST 2013
Worked: Fri Nov 29 20:00:01 CST 2013
Worked: Fri Nov 29 22:00:01 CST 2013
Worked: Sat Nov 30 00:00:01 CST 2013
Worked: Sat Nov 30 02:00:01 CST 2013
Worked: Sat Nov 30 14:00:01 CST 2013
Worked: Sat Nov 30 16:00:01 CST 2013
Worked: Sun Dec  1 02:00:01 CST 2013
Worked: Sun Dec  1 22:00:01 CST 2013
Worked: Mon Dec  2 00:00:01 CST 2013
Worked: Mon Dec  2 02:00:01 CST 2013
Worked: Mon Dec  2 04:00:01 CST 2013
Worked: Mon Dec  2 06:00:01 CST 2013
Worked: Mon Dec  2 08:00:01 CST 2013
Worked: Mon Dec  2 10:00:01 CST 2013
